0 info it worked if it ends with ok
1 verbose cli [ 'D:\\project\\node\\node.exe',
1 verbose cli   'D:\\project\\node\\node_modules\\npm\\bin\\npm-cli.js',
1 verbose cli   'run',
1 verbose cli   'build' ]
2 info using npm@3.10.10
3 info using node@v6.11.3
4 verbose run-script [ 'prebuild', 'build', 'postbuild' ]
5 info lifecycle es6@1.0.0~prebuild: es6@1.0.0
6 silly lifecycle es6@1.0.0~prebuild: no script for prebuild, continuing
7 info lifecycle es6@1.0.0~build: es6@1.0.0
8 verbose lifecycle es6@1.0.0~build: unsafe-perm in lifecycle true
9 verbose lifecycle es6@1.0.0~build: PATH: D:\project\node\node_modules\npm\bin\node-gyp-bin;C:\Users\yanlijing.tp\Desktop\Basic-master\Basic-master\es6\node_modules\.bin;C:\Python27\;C:\Python27\Scripts;C:\ProgramData\Oracle\Java\javapath;C:\WINDOWS\system32;C:\WINDOWS;C:\WINDOWS\System32\Wbem;C:\WINDOWS\System32\WindowsPowerShell\v1.0\;D:\project\jdk\bin;D:\project\jdk\jre\bin;D:\project\git\Git\cmd;D:\project\node\;C:\ProgramData\chocolatey\bin;D:\project\gradle-4.1-all\gradle-4.1\bin;;D:\project\VScode\Microsoft VS Code\bin;C:\Users\yanlijing.tp\AppData\Roaming\npm;D:\software\android-studio\platform-tools;D:\software\android-studio\tools
10 verbose lifecycle es6@1.0.0~build: CWD: C:\Users\yanlijing.tp\Desktop\Basic-master\Basic-master\es6
11 silly lifecycle es6@1.0.0~build: Args: [ '/d /s /c', 'babel src/index.js -o dist/index.js' ]
12 silly lifecycle es6@1.0.0~build: Returned: code: 1  signal: null
13 info lifecycle es6@1.0.0~build: Failed to exec build script
14 verbose stack Error: es6@1.0.0 build: `babel src/index.js -o dist/index.js`
14 verbose stack Exit status 1
14 verbose stack     at EventEmitter.<anonymous> (D:\project\node\node_modules\npm\lib\utils\lifecycle.js:255:16)
14 verbose stack     at emitTwo (events.js:106:13)
14 verbose stack     at EventEmitter.emit (events.js:191:7)
14 verbose stack     at ChildProcess.<anonymous> (D:\project\node\node_modules\npm\lib\utils\spawn.js:40:14)
14 verbose stack     at emitTwo (events.js:106:13)
14 verbose stack     at ChildProcess.emit (events.js:191:7)
14 verbose stack     at maybeClose (internal/child_process.js:920:16)
14 verbose stack     at Process.ChildProcess._handle.onexit (internal/child_process.js:230:5)
15 verbose pkgid es6@1.0.0
16 verbose cwd C:\Users\yanlijing.tp\Desktop\Basic-master\Basic-master\es6
17 error Windows_NT 10.0.10240
18 error argv "D:\\project\\node\\node.exe" "D:\\project\\node\\node_modules\\npm\\bin\\npm-cli.js" "run" "build"
19 error node v6.11.3
20 error npm  v3.10.10
21 error code ELIFECYCLE
22 error es6@1.0.0 build: `babel src/index.js -o dist/index.js`
22 error Exit status 1
23 error Failed at the es6@1.0.0 build script 'babel src/index.js -o dist/index.js'.
23 error Make sure you have the latest version of node.js and npm installed.
23 error If you do, this is most likely a problem with the es6 package,
23 error not with npm itself.
23 error Tell the author that this fails on your system:
23 error     babel src/index.js -o dist/index.js
23 error You can get information on how to open an issue for this project with:
23 error     npm bugs es6
23 error Or if that isn't available, you can get their info via:
23 error     npm owner ls es6
23 error There is likely additional logging output above.
24 verbose exit [ 1, true ]
